[+] Containers:
 |- [+] Container: /Game/FirstPerson/Maps/FirstPersonMap
 |   |- [+] ActorDescs:
 |   |   |- Guid:014139064B272AE31FF877B819CB5734 BaseClass: NativeClass:/Script/Engine.StaticMeshActor Name:StaticMeshActor_8 Label:SM_ChamferCube3 SpatiallyLoaded:1 Bounds:IsValid=true, Min=(X=257.548 Y=2127.548 Z=0.063), Max=(X=462.452 Y=2332.452 Z=150.063) RuntimeGrid:None EditorOnly:0 RuntimeOnly:0 HLODRelevant:0 FolderPath:SimulatedCubes FolderGuid:9AEEADCB4DC6C647D6E7C0B4EDA1744F
 |   |   |- Guid:0EDB289B45CB7E0977A6DBA74201EE76 BaseClass: NativeClass:/Script/Engine.StaticMeshActor Name:StaticMeshActor_10 Label:SM_Cube6 SpatiallyLoaded:1 Bounds:IsValid=true, Min=(X=2900.000 Y=100.000 Z=0.000), Max=(X=3000.000 Y=3400.000 Z=400.000) RuntimeGrid:None EditorOnly:0 RuntimeOnly:0 HLODRelevant:1 FolderPath:Playground FolderGuid:6C02BB504B69D1F3D7A624B130C18E5B
 |   |   |- Guid:1B25B2B9492818D816636ABAAACA9714 BaseClass: NativeClass:/Script/Engine.StaticMeshActor Name:StaticMeshActor_UAID_98BB1E1DE4D47B6001_1277528200 Label:poly6 SpatiallyLoaded:1 Bounds:IsValid=true, Min=(X=1527.119 Y=3222.240 Z=94.229), Max=(X=1572.881 Y=3277.760 Z=165.771) RuntimeGrid:None EditorOnly:0 RuntimeOnly:0 HLODRelevant:0
 |   |   |- Guid:1EB057FD4F41CCCFB2A1C898B17698EF BaseClass: NativeClass:/Script/Engine.StaticMeshActor Name:StaticMeshActor_UAID_98BB1E1DE4D4996001_1535012464 Label:poly12 SpatiallyLoaded:1 Bounds:IsValid=true, Min=(X=384.994 Y=2769.749 Z=-14.681), Max=(X=515.006 Y=3030.251 Z=94.681) RuntimeGrid:None EditorOnly:0 RuntimeOnly:0 HLODRelevant:1
 |   |   |- Guid:20F27FF14697DB3FBBD3A8A78BA01473 BaseClass: NativeClass:/Script/Engine.TextRenderActor Name:TextRenderActor_UAID_98BB1E1DE4D4966001_2061315941 Label:TextRenderActor3 SpatiallyLoaded:1 Bounds:IsValid=true, Min=(X=2889.900 Y=1300.000 Z=65.013), Max=(X=2889.900 Y=2148.077 Z=215.013) RuntimeGrid:None EditorOnly:0 RuntimeOnly:0 HLODRelevant:0
 |   |   |- Guid:21262252453B37957EF29F82ABA2413B BaseClass: NativeClass:/Script/Engine.TextRenderActor Name:TextRenderActor_1 Label:TextRenderActor SpatiallyLoaded:1 Bounds:IsValid=true, Min=(X=-0.100 Y=1100.000 Z=65.013), Max=(X=-0.100 Y=2363.461 Z=215.013) RuntimeGrid:None EditorOnly:0 RuntimeOnly:0 HLODRelevant:0
 |   |   |- Guid:2A78EF094E089635A07B30AB9A046A81 BaseClass: NativeClass:/Script/Engine.StaticMeshActor Name:StaticMeshActor_47 Label:SM_ChamferCube13 SpatiallyLoaded:1 Bounds:IsValid=true, Min=(X=250.297 Y=3094.568 Z=100.013), Max=(X=391.180 Y=3235.451 Z=200.013) RuntimeGrid:None EditorOnly:0 RuntimeOnly:0 HLODRelevant:0 FolderPath:SimulatedCubes FolderGuid:9AEEADCB4DC6C647D6E7C0B4EDA1744F
 |   |   |- Guid:2B0AED5442E8C825D371FDA0F4D9154D BaseClass: NativeClass:/Script/Engine.StaticMeshActor Name:StaticMeshActor_UAID_98BB1E1DE4D4926001_1919143231 Label:SM_Cube20 SpatiallyLoaded:1 Bounds:IsValid=true, Min=(X=1400.000 Y=3300.000 Z=200.000), Max=(X=1500.000 Y=3400.000 Z=400.000) RuntimeGrid:None EditorOnly:0 RuntimeOnly:0 HLODRelevant:1 FolderPath:Block03 FolderGuid:0C5AB36945998C19C9EA9283402A8E02
 |   |   |- Guid:2FD0C01B48892C35498F9A805991D554 BaseClass: NativeClass:/Script/Engine.StaticMeshActor Name:StaticMeshActor_UAID_98BB1E1DE4D4976001_1777382118 Label:GlobeSmall1 SpatiallyLoaded:1 Bounds:IsValid=true, Min=(X=2296.805 Y=844.606 Z=83.670), Max=(X=2385.462 Y=914.540 Z=162.913) RuntimeGrid:None EditorOnly:0 RuntimeOnly:0 HLODRelevant:1
 |   |   |- Guid:34FCD8EA4864C19286E0D89574E45698 BaseClass: NativeClass:/Script/Engine.StaticMeshActor Name:StaticMeshActor_UAID_98BB1E1DE4D47A6001_1184728013 Label:SM_Cube17 SpatiallyLoaded:1 Bounds:IsValid=true, Min=(X=2000.000 Y=3200.000 Z=0.000), Max=(X=2100.000 Y=3300.000 Z=200.000) RuntimeGrid:None EditorOnly:0 RuntimeOnly:0 HLODRelevant:1 FolderPath:Block03 FolderGuid:0C5AB36945998C19C9EA9283402A8E02
 |   |   |- Guid:3705B0BD4311A0E1A15E33A5C99C1C14 BaseClass: NativeClass:/Script/Engine.StaticMeshActor Name:StaticMeshActor_UAID_98BB1E1DE4D47B6001_1271361199 Label:poly5 SpatiallyLoaded:1 Bounds:IsValid=true, Min=(X=1627.119 Y=3222.240 Z=94.229), Max=(X=1672.881 Y=3277.760 Z=165.771) RuntimeGrid:None EditorOnly:0 RuntimeOnly:0 HLODRelevant:0
 |   |   |- Guid:434957394CEB83369EF1579D2F362122 BaseClass: NativeClass:/Script/Engine.StaticMeshActor Name:StaticMeshActor_UAID_98BB1E1DE4D47A6001_1209100014 Label:SM_Cube18 SpatiallyLoaded:1 Bounds:IsValid=true, Min=(X=2000.000 Y=3300.000 Z=0.000), Max=(X=2100.000 Y=3400.000 Z=200.000) RuntimeGrid:None EditorOnly:0 RuntimeOnly:0 HLODRelevant:1 FolderPath:Block03 FolderGuid:0C5AB36945998C19C9EA9283402A8E02
 |   |   |- Guid:503301344EDD2580C9B8269BA1FF0C83 BaseClass: NativeClass:/Script/Engine.StaticMeshActor Name:StaticMeshActor_29 Label:SM_ChamferCube4 SpatiallyLoaded:1 Bounds:IsValid=true, Min=(X=334.338 Y=334.338 Z=0.063), Max=(X=545.662 Y=545.662 Z=150.063) RuntimeGrid:None EditorOnly:0 RuntimeOnly:0 HLODRelevant:0 FolderPath:SimulatedCubes FolderGuid:9AEEADCB4DC6C647D6E7C0B4EDA1744F
 |   |   |- Guid:56ADA9B74BFCD3752E71CEAE7D732FD4 BaseClass: NativeClass:/Script/Engine.StaticMeshActor Name:StaticMeshActor_UAID_98BB1E1DE4D4796001_2080533831 Label:Cube SpatiallyLoaded:1 Bounds:IsValid=true, Min=(X=1700.000 Y=3200.000 Z=0.000), Max=(X=1800.000 Y=3300.000 Z=100.000) RuntimeGrid:None EditorOnly:0 RuntimeOnly:0 HLODRelevant:1
 |   |   |- Guid:573177074D0ADB4DA9A357AE2A5CADA8 BaseClass: NativeClass:/Script/Engine.StaticMeshActor Name:StaticMeshActor_49 Label:SM_ChamferCube14 SpatiallyLoaded:1 Bounds:IsValid=true, Min=(X=2480.411 Y=2302.371 Z=0.013), Max=(X=2580.411 Y=2402.371 Z=100.013) RuntimeGrid:None EditorOnly:0 RuntimeOnly:0 HLODRelevant:0 FolderPath:SimulatedCubes FolderGuid:9AEEADCB4DC6C647D6E7C0B4EDA1744F
 |   |   |- Guid:5B93F64940411FEB975F73A3355484A8 BaseClass: NativeClass:/Script/Engine.StaticMeshActor Name:StaticMeshActor_UAID_98BB1E1DE4D4956001_1692644760 Label:CouchSmall1 SpatiallyLoaded:1 Bounds:IsValid=true, Min=(X=2372.894 Y=337.887 Z=-14.646), Max=(X=2615.863 Y=620.834 Z=84.038) RuntimeGrid:None EditorOnly:0 RuntimeOnly:0 HLODRelevant:1
 |   |   |- Guid:5FE7584649BB6F09265329A6C57CFD0D BaseClass: NativeClass:/Script/Engine.VolumetricCloud Name:VolumetricCloud_0 Label:VolumetricCloud SpatiallyLoaded:0 Bounds:IsValid=true, Min=(X=0.000 Y=0.000 Z=820.000), Max=(X=0.000 Y=0.000 Z=820.000) RuntimeGrid:None EditorOnly:0 RuntimeOnly:0 HLODRelevant:0 FolderPath:Lighting FolderGuid:0BA5F0A04EADB18E70D5B180D08FA34B
 |   |   |- Guid:61391D344900612A77DFC3BA3E354907 BaseClass: NativeClass:/Script/Engine.ExponentialHeightFog Name:ExponentialHeightFog_0 Label:ExponentialHeightFog SpatiallyLoaded:0 Bounds:IsValid=true, Min=(X=-5600.000 Y=-50.000 Z=-6850.000), Max=(X=-5600.000 Y=-50.000 Z=-6850.000) RuntimeGrid:None EditorOnly:0 RuntimeOnly:0 HLODRelevant:0 FolderPath:Lighting FolderGuid:0BA5F0A04EADB18E70D5B180D08FA34B
 |   |   |- Guid:63F4D7D94F1905C04089D09215E8FE15 BaseClass: NativeClass:/Script/Engine.StaticMeshActor Name:StaticMeshActor_UAID_98BB1E1DE4D47B6001_1203276196 Label:poly2 SpatiallyLoaded:1 Bounds:IsValid=true, Min=(X=1927.119 Y=3222.240 Z=94.229), Max=(X=1972.881 Y=3277.760 Z=165.771) RuntimeGrid:None EditorOnly:0 RuntimeOnly:0 HLODRelevant:0
 |   |   |- Guid:6B9F7C52434CCF99C7551893412C2C21 BaseClass: NativeClass:/Script/Engine.StaticMeshActor Name:StaticMeshActor_51 Label:SM_ChamferCube16 SpatiallyLoaded:1 Bounds:IsValid=true, Min=(X=2480.411 Y=2247.371 Z=100.013), Max=(X=2580.411 Y=2347.371 Z=200.013) RuntimeGrid:None EditorOnly:0 RuntimeOnly:0 HLODRelevant:0 FolderPath:SimulatedCubes FolderGuid:9AEEADCB4DC6C647D6E7C0B4EDA1744F
 |   |   |- Guid:6FEFB3BD4EB37B849EF0D4AC80F83855 BaseClass: NativeClass:/Script/Engine.WorldDataLayers Name:WorldDataLayers Label:WorldDataLayers SpatiallyLoaded:0 Bounds:IsValid=true, Min=(X=0.000 Y=0.000 Z=0.000), Max=(X=0.000 Y=0.000 Z=0.000) RuntimeGrid:None EditorOnly:0 RuntimeOnly:0 HLODRelevant:0
 |   |   |- Guid:75B41DAF482E1EA054310EB9FC00B0BD BaseClass: NativeClass:/Script/Engine.StaticMeshActor Name:StaticMeshActor_UAID_98BB1E1DE4D4936001_1157201409 Label:poly7 SpatiallyLoaded:1 Bounds:IsValid=true, Min=(X=1172.423 Y=819.934 Z=-10.191), Max=(X=1227.577 Y=880.066 Z=50.191) RuntimeGrid:None EditorOnly:0 RuntimeOnly:0 HLODRelevant:1
 |   |   |- Guid:764666EF4316C7851F06859A678454F2 BaseClass: NativeClass:/Script/Engine.StaticMeshActor Name:StaticMeshActor_46 Label:SM_ChamferCube12 SpatiallyLoaded:1 Bounds:IsValid=true, Min=(X=204.335 Y=3056.000 Z=0.013), Max=(X=345.218 Y=3196.884 Z=100.013) RuntimeGrid:None EditorOnly:0 RuntimeOnly:0 HLODRelevant:0 FolderPath:SimulatedCubes FolderGuid:9AEEADCB4DC6C647D6E7C0B4EDA1744F
 |   |   |- Guid:7782BAA349380717D5F5B397F4534D7F BaseClass: NativeClass:/Script/Engine.StaticMeshActor Name:StaticMeshActor_UAID_98BB1E1DE4D4966001_1401173937 Label:ChairSmall1 SpatiallyLoaded:1 Bounds:IsValid=true, Min=(X=2240.422 Y=989.056 Z=-50.688), Max=(X=2610.478 Y=1377.636 Z=98.034) RuntimeGrid:None EditorOnly:0 RuntimeOnly:0 HLODRelevant:1
 |   |   |- Guid:78907B824E304E162A9A02B9095F1FA1 BaseClass: NativeClass:/Script/Engine.StaticMeshActor Name:StaticMeshActor_43 Label:SM_ChamferCube9 SpatiallyLoaded:1 Bounds:IsValid=true, Min=(X=1191.292 Y=329.199 Z=0.013), Max=(X=1327.894 Y=465.801 Z=100.013) RuntimeGrid:None EditorOnly:0 RuntimeOnly:0 HLODRelevant:0 FolderPath:SimulatedCubes FolderGuid:9AEEADCB4DC6C647D6E7C0B4EDA1744F
 |   |   |- Guid:78CAF7514C7533F30BD2F19A017AAB65 BaseClass: NativeClass:/Script/Engine.StaticMeshActor Name:StaticMeshActor_0 Label:SM_Cube SpatiallyLoaded:1 Bounds:IsValid=true, Min=(X=0.000 Y=0.000 Z=-50.000), Max=(X=3000.000 Y=3500.000 Z=0.000) RuntimeGrid:None EditorOnly:0 RuntimeOnly:0 HLODRelevant:1 FolderPath:Playground FolderGuid:6C02BB504B69D1F3D7A624B130C18E5B
 |   |   |- Guid:7DCFF2144714F0843D87428AC48CE4F4 BaseClass: NativeClass:/Script/Engine.StaticMeshActor Name:StaticMeshActor_24 Label:SM_ChamferCube17 SpatiallyLoaded:1 Bounds:IsValid=true, Min=(X=364.319 Y=1244.901 Z=0.013), Max=(X=492.491 Y=1373.073 Z=100.013) RuntimeGrid:None EditorOnly:0 RuntimeOnly:0 HLODRelevant:0 FolderPath:SimulatedCubes FolderGuid:9AEEADCB4DC6C647D6E7C0B4EDA1744F
 |   |   |- Guid:7DFAAD3E4825788EEAF65091D7CCCD5E BaseClass: NativeClass:/Script/Engine.StaticMeshActor Name:StaticMeshActor_UAID_98BB1E1DE4D4946001_1520455589 Label:poly10 SpatiallyLoaded:1 Bounds:IsValid=true, Min=(X=640.805 Y=2992.880 Z=-15.548), Max=(X=719.195 Y=3087.120 Z=75.548) RuntimeGrid:None EditorOnly:0 RuntimeOnly:0 HLODRelevant:1
 |   |   |- Guid:837F7F81453CA97E5C890BAFA969AC1E BaseClass: NativeClass:/Script/Engine.StaticMeshActor Name:StaticMeshActor_UAID_98BB1E1DE4D4936001_1877331410 Label:poly8 SpatiallyLoaded:1 Bounds:IsValid=true, Min=(X=836.735 Y=2972.598 Z=-19.543), Max=(X=1023.265 Y=3127.402 Z=109.543) RuntimeGrid:None EditorOnly:0 RuntimeOnly:0 HLODRelevant:1
 |   |   |- Guid:84FF002B471A203F17A47C9674F46D62 BaseClass: NativeClass:/Script/Engine.StaticMeshActor Name:StaticMeshActor_UAID_98BB1E1DE4D47A6001_1100182010 Label:Cube4 SpatiallyLoaded:1 Bounds:IsValid=true, Min=(X=1500.000 Y=3200.000 Z=0.000), Max=(X=1600.000 Y=3300.000 Z=100.000) RuntimeGrid:None EditorOnly:0 RuntimeOnly:0 HLODRelevant:1
 |   |   |- Guid:8559D1384B14F466E8927697A36C1D78 BaseClass: NativeClass:/Script/Engine.StaticMeshActor Name:StaticMeshActor_9 Label:SM_Cube5 SpatiallyLoaded:1 Bounds:IsValid=true, Min=(X=-0.000 Y=100.000 Z=0.000), Max=(X=100.000 Y=3400.000 Z=400.000) RuntimeGrid:None EditorOnly:0 RuntimeOnly:0 HLODRelevant:1 FolderPath:Playground FolderGuid:6C02BB504B69D1F3D7A624B130C18E5B
 |   |   |- Guid:8B0D31EE48868FF7EF5A88B7F75BC418 BaseClass: NativeClass:/Script/Engine.StaticMeshActor Name:StaticMeshActor_UAID_98BB1E1DE4D4956001_1507601759 Label:TableSmall1 SpatiallyLoaded:1 Bounds:IsValid=true, Min=(X=2288.662 Y=827.410 Z=-5.078), Max=(X=2420.598 Y=929.184 Z=97.083) RuntimeGrid:None EditorOnly:0 RuntimeOnly:0 HLODRelevant:1
 |   |   |- Guid:8E9EA0F84D0FC901D6ABCF911C08AEE3 BaseClass: NativeClass:/Script/Engine.StaticMeshActor Name:StaticMeshActor_50 Label:SM_ChamferCube15 SpatiallyLoaded:1 Bounds:IsValid=true, Min=(X=2480.411 Y=2187.371 Z=0.013), Max=(X=2580.411 Y=2287.371 Z=100.013) RuntimeGrid:None EditorOnly:0 RuntimeOnly:0 HLODRelevant:0 FolderPath:SimulatedCubes FolderGuid:9AEEADCB4DC6C647D6E7C0B4EDA1744F
 |   |   |- Guid:90B7B8D3420C2EABA931D3A6A69DF696 BaseClass: NativeClass:/Script/Engine.StaticMeshActor Name:StaticMeshActor_3 Label:SM_Cube2 SpatiallyLoaded:1 Bounds:IsValid=true, Min=(X=0.000 Y=0.000 Z=0.000), Max=(X=3000.000 Y=100.000 Z=400.000) RuntimeGrid:None EditorOnly:0 RuntimeOnly:0 HLODRelevant:1 FolderPath:Playground FolderGuid:6C02BB504B69D1F3D7A624B130C18E5B
 |   |   |- Guid:9C7BB34D47B4943AF4019DA1A4EB801F BaseClass: NativeClass:/Script/Engine.StaticMeshActor Name:StaticMeshActor_UAID_98BB1E1DE4D4926001_1936356232 Label:SM_Cube21 SpatiallyLoaded:1 Bounds:IsValid=true, Min=(X=2000.000 Y=3300.000 Z=200.000), Max=(X=2100.000 Y=3400.000 Z=400.000) RuntimeGrid:None EditorOnly:0 RuntimeOnly:0 HLODRelevant:1 FolderPath:Block03 FolderGuid:0C5AB36945998C19C9EA9283402A8E02
 |   |   |- Guid:9CD93C7A4D9A8DD7FB2CC5BF59330DBB BaseClass: NativeClass:/Script/Engine.StaticMeshActor Name:StaticMeshActor_UAID_98BB1E1DE4D47A6001_2094146018 Label:poly SpatiallyLoaded:1 Bounds:IsValid=true, Min=(X=1400.720 Y=3176.418 Z=200.578), Max=(X=2103.311 Y=3283.582 Z=279.422) RuntimeGrid:None EditorOnly:0 RuntimeOnly:0 HLODRelevant:1
 |   |   |- Guid:9DA0C7E94C61DC9EA093268704BB3CBC BaseClass: NativeClass:/Script/Engine.StaticMeshActor Name:StaticMeshActor_UAID_98BB1E1DE4D47A6001_1149174011 Label:Cube5 SpatiallyLoaded:1 Bounds:IsValid=true, Min=(X=1900.000 Y=3200.000 Z=0.000), Max=(X=2000.000 Y=3300.000 Z=100.000) RuntimeGrid:None EditorOnly:0 RuntimeOnly:0 HLODRelevant:1
 |   |   |- Guid:A354B1B24E617A525DC6B48CCDE2417E BaseClass: NativeClass:/Script/Engine.PlayerStart Name:PlayerStart_0 Label:PlayerStart SpatiallyLoaded:0 Bounds:IsValid=true, Min=(X=860.000 Y=810.000 Z=0.013), Max=(X=940.000 Y=890.000 Z=184.013) RuntimeGrid:None EditorOnly:0 RuntimeOnly:0 HLODRelevant:0
 |   |   |- Guid:B0718D6846706384220C03973177EDC1 BaseClass: NativeClass:/Script/Engine.StaticMeshActor Name:StaticMeshActor_44 Label:SM_ChamferCube10 SpatiallyLoaded:1 Bounds:IsValid=true, Min=(X=1139.330 Y=299.199 Z=100.013), Max=(X=1275.933 Y=435.801 Z=200.013) RuntimeGrid:None EditorOnly:0 RuntimeOnly:0 HLODRelevant:0 FolderPath:SimulatedCubes FolderGuid:9AEEADCB4DC6C647D6E7C0B4EDA1744F
 |   |   |- Guid:B14049424F5D6AB0ED4FBB89C9C4F9E3 BaseClass: NativeClass:/Script/Engine.StaticMeshActor Name:StaticMeshActor_UAID_98BB1E1DE4D4996001_1635248465 Label:poly13 SpatiallyLoaded:1 Bounds:IsValid=true, Min=(X=637.978 Y=2991.603 Z=-17.007), Max=(X=722.022 Y=3088.397 Z=81.007) RuntimeGrid:None EditorOnly:0 RuntimeOnly:0 HLODRelevant:1
 |   |   |- Guid:B299899F463EB5F746599CB14F472FA0 BaseClass: NativeClass:/Script/Engine.StaticMeshActor Name:StaticMeshActor_UAID_98BB1E1DE4D47A6001_1089651009 Label:Cube3 SpatiallyLoaded:1 Bounds:IsValid=true, Min=(X=1600.000 Y=3200.000 Z=0.000), Max=(X=1700.000 Y=3300.000 Z=100.000) RuntimeGrid:None EditorOnly:0 RuntimeOnly:0 HLODRelevant:1
 |   |   |- Guid:B86EAB6442C6A64FBBAD929E59D05462 BaseClass: NativeClass:/Script/Engine.StaticMeshActor Name:StaticMeshActor_UAID_98BB1E1DE4D4966001_1935508939 Label:SM_Cube9 SpatiallyLoaded:1 Bounds:IsValid=true, Min=(X=1470.000 Y=975.000 Z=0.000), Max=(X=1770.000 Y=2500.000 Z=200.000) RuntimeGrid:None EditorOnly:0 RuntimeOnly:0 HLODRelevant:1 FolderPath:Block04 FolderGuid:D00C3F324D055BED943FA6B0235C7FA2
 |   |   |- Guid:C0C56B9644AE3D40CAFF6A878DB29844 BaseClass: NativeClass:/Script/Engine.StaticMeshActor Name:StaticMeshActor_UAID_A4AE111137DC5EFB00_2001720423 Label:SM_SkySphere SpatiallyLoaded:0 Bounds:IsValid=true, Min=(X=-1638400.000 Y=-1638400.000 Z=-1638400.000), Max=(X=1638400.000 Y=1638400.000 Z=1638400.000) RuntimeGrid:None EditorOnly:0 RuntimeOnly:0 HLODRelevant:1 FolderPath:Lighting FolderGuid:0BA5F0A04EADB18E70D5B180D08FA34B
 |   |   |- Guid:C22CE07C4B87D685137FDBBC10FC92C6 BaseClass: NativeClass:/Script/Engine.SkyAtmosphere Name:SkyAtmosphere_0 Label:SkyAtmosphere SpatiallyLoaded:0 Bounds:IsValid=true, Min=(X=0.000 Y=0.000 Z=1020.000), Max=(X=0.000 Y=0.000 Z=1020.000) RuntimeGrid:None EditorOnly:0 RuntimeOnly:0 HLODRelevant:0 FolderPath:Lighting FolderGuid:0BA5F0A04EADB18E70D5B180D08FA34B
 |   |   |- Guid:CB64DC164CF36A2999D6EE9B118018D3 BaseClass: NativeClass:/Script/Engine.TextRenderActor Name:TextRenderActor_UAID_98BB1E1DE4D4966001_1993937940 Label:TextRenderActor2 SpatiallyLoaded:1 Bounds:IsValid=true, Min=(X=119.900 Y=1532.308 Z=65.013), Max=(X=119.900 Y=2040.000 Z=215.013) RuntimeGrid:None EditorOnly:0 RuntimeOnly:0 HLODRelevant:0
 |   |   |- Guid:CD4278904E18E19AB8DB1093C7B26CDA BaseClass: NativeClass:/Script/Engine.StaticMeshActor Name:StaticMeshActor_UAID_98BB1E1DE4D47A6001_1164697012 Label:SM_Cube14 SpatiallyLoaded:1 Bounds:IsValid=true, Min=(X=1400.000 Y=3200.000 Z=0.000), Max=(X=1500.000 Y=3300.000 Z=200.000) RuntimeGrid:None EditorOnly:0 RuntimeOnly:0 HLODRelevant:1 FolderPath:Block03 FolderGuid:0C5AB36945998C19C9EA9283402A8E02
 |   |   |- Guid:CE8D82634660FCDB3120E2B8D547C533 BaseClass: NativeClass:/Script/Engine.PostProcessVolume Name:PostProcessVolume_0 Label:PostProcessVolume SpatiallyLoaded:0 Bounds:IsValid=true, Min=(X=0.000 Y=0.000 Z=400.000), Max=(X=200.000 Y=200.000 Z=600.000) RuntimeGrid:None EditorOnly:0 RuntimeOnly:0 HLODRelevant:0 FolderPath:Lighting FolderGuid:0BA5F0A04EADB18E70D5B180D08FA34B
 |   |   |- Guid:D0C51FCF43389BBC97C8B0A97111D1AD BaseClass: NativeClass:/Script/Engine.StaticMeshActor Name:StaticMeshActor_UAID_98BB1E1DE4D47B6001_1249627197 Label:poly3 SpatiallyLoaded:1 Bounds:IsValid=true, Min=(X=1827.119 Y=3222.240 Z=94.229), Max=(X=1872.881 Y=3277.760 Z=165.771) RuntimeGrid:None EditorOnly:0 RuntimeOnly:0 HLODRelevant:0
 |   |   |- Guid:D1077B8B4C6D1D8B758340BFAFA4AC38 BaseClass: NativeClass:/Script/Engine.StaticMeshActor Name:StaticMeshActor_UAID_98BB1E1DE4D4966001_1791911938 Label:poly11 SpatiallyLoaded:1 Bounds:IsValid=true, Min=(X=233.142 Y=643.758 Z=-51.941), Max=(X=506.858 Y=956.242 Z=231.941) RuntimeGrid:None EditorOnly:0 RuntimeOnly:0 HLODRelevant:1
 |   |   |- Guid:D44940D943955A5965276FBBEA044017 BaseClass: NativeClass:/Script/Engine.StaticMeshActor Name:StaticMeshActor_20 Label:SM_ChamferCube2 SpatiallyLoaded:1 Bounds:IsValid=true, Min=(X=324.987 Y=1136.837 Z=0.013), Max=(X=453.158 Y=1265.008 Z=100.013) RuntimeGrid:None EditorOnly:0 RuntimeOnly:0 HLODRelevant:0 FolderPath:SimulatedCubes FolderGuid:9AEEADCB4DC6C647D6E7C0B4EDA1744F
 |   |   |- Guid:D65CE26D4543AB64D3E1CE82A79B39D9 BaseClass: NativeClass:/Script/Engine.StaticMeshActor Name:StaticMeshActor_45 Label:SM_ChamferCube11 SpatiallyLoaded:1 Bounds:IsValid=true, Min=(X=292.430 Y=3129.921 Z=0.013), Max=(X=433.313 Y=3270.804 Z=100.013) RuntimeGrid:None EditorOnly:0 RuntimeOnly:0 HLODRelevant:0 FolderPath:SimulatedCubes FolderGuid:9AEEADCB4DC6C647D6E7C0B4EDA1744F
 |   |   |- Guid:D6D1431348BC34188483198D991AAC14 BaseClass: NativeClass:/Script/Engine.StaticMeshActor Name:StaticMeshActor_UAID_98BB1E1DE4D47A6001_1074009008 Label:Cube2 SpatiallyLoaded:1 Bounds:IsValid=true, Min=(X=1800.000 Y=3200.000 Z=0.000), Max=(X=1900.000 Y=3300.000 Z=100.000) RuntimeGrid:None EditorOnly:0 RuntimeOnly:0 HLODRelevant:1
 |   |   |- Guid:D935740A490176EB4702AF96F92450E8 BaseClass: NativeClass:/Script/Engine.StaticMeshActor Name:StaticMeshActor_38 Label:SM_ChamferCube18 SpatiallyLoaded:1 Bounds:IsValid=true, Min=(X=343.798 Y=1188.520 Z=100.013), Max=(X=471.969 Y=1316.691 Z=200.013) RuntimeGrid:None EditorOnly:0 RuntimeOnly:0 HLODRelevant:0 FolderPath:SimulatedCubes FolderGuid:9AEEADCB4DC6C647D6E7C0B4EDA1744F
 |   |   |- Guid:DFB92E0E4F208F5270E9F7A849762986 BaseClass: NativeClass:/Script/Engine.StaticMeshActor Name:StaticMeshActor_UAID_98BB1E1DE4D4946001_1502247588 Label:poly9 SpatiallyLoaded:1 Bounds:IsValid=true, Min=(X=661.619 Y=3009.390 Z=66.001), Max=(X=718.381 Y=3070.610 Z=143.999) RuntimeGrid:None EditorOnly:0 RuntimeOnly:0 HLODRelevant:1
 |   |   |- Guid:E5320C1B4FD9764CE7B54D8487AEC613 BaseClass: NativeClass:/Script/Engine.SkyLight Name:SkyLight_0 Label:SkyLight SpatiallyLoaded:0 Bounds:IsValid=true, Min=(X=0.000 Y=0.000 Z=690.000), Max=(X=0.000 Y=0.000 Z=690.000) RuntimeGrid:None EditorOnly:0 RuntimeOnly:0 HLODRelevant:0 FolderPath:Lighting FolderGuid:0BA5F0A04EADB18E70D5B180D08FA34B
 |   |   |- Guid:EE17A1EA4234790416C4AD81693149D4 BaseClass: NativeClass:/Script/Engine.StaticMeshActor Name:StaticMeshActor_UAID_98BB1E1DE4D47A6001_1220466015 Label:SM_Cube19 SpatiallyLoaded:1 Bounds:IsValid=true, Min=(X=1400.000 Y=3300.000 Z=0.000), Max=(X=1500.000 Y=3400.000 Z=200.000) RuntimeGrid:None EditorOnly:0 RuntimeOnly:0 HLODRelevant:1 FolderPath:Block03 FolderGuid:0C5AB36945998C19C9EA9283402A8E02
 |   |   |- Guid:EE66F4454A4A9F99393F559AB739C05E BaseClass:/Game/FirstPerson/Blueprints/BP_Pickup_Rifle.BP_Pickup_Rifle_C NativeClass:/Script/Engine.Actor Name:BP_Rifle_C_1 Label:BP_Pickup_Rifle SpatiallyLoaded:1 Bounds:IsValid=true, Min=(X=0.000 Y=0.000 Z=0.000), Max=(X=0.000 Y=0.000 Z=0.000) RuntimeGrid:None EditorOnly:0 RuntimeOnly:0 HLODRelevant:0
 |   |   |- Guid:F07F1AF64C7C7C238EE1B4BF8C122DD8 BaseClass: NativeClass:/Script/Engine.StaticMeshActor Name:StaticMeshActor_4 Label:SM_Cube3 SpatiallyLoaded:1 Bounds:IsValid=true, Min=(X=0.000 Y=3400.000 Z=0.000), Max=(X=3000.000 Y=3500.000 Z=400.000) RuntimeGrid:None EditorOnly:0 RuntimeOnly:0 HLODRelevant:1 FolderPath:Playground FolderGuid:6C02BB504B69D1F3D7A624B130C18E5B
 |   |   |- Guid:F423494748838458BA04AB8D62D55023 BaseClass: NativeClass:/Script/Engine.StaticMeshActor Name:StaticMeshActor_UAID_98BB1E1DE4D47B6001_1262314198 Label:poly4 SpatiallyLoaded:1 Bounds:IsValid=true, Min=(X=1727.119 Y=3222.240 Z=94.229), Max=(X=1772.881 Y=3277.760 Z=165.771) RuntimeGrid:None EditorOnly:0 RuntimeOnly:0 HLODRelevant:0
 |   |   |- Guid:F80621C9446867154938FE81375207DA BaseClass: NativeClass:/Script/Engine.DirectionalLight Name:DirectionalLight_1 Label:DirectionalLight SpatiallyLoaded:0 Bounds:IsValid=true, Min=(X=-1048576.000 Y=-1048576.000 Z=-1048576.000), Max=(X=1048576.000 Y=1048576.000 Z=1048576.000) RuntimeGrid:None EditorOnly:0 RuntimeOnly:0 HLODRelevant:0 FolderPath:Lighting FolderGuid:0BA5F0A04EADB18E70D5B180D08FA34B
 |   |   |- Guid:FDF413BE4F6B6E74D8BAB7BAC8734A05 BaseClass: NativeClass:/Script/Engine.StaticMeshActor Name:StaticMeshActor_UAID_98BB1E1DE4D4946001_1090108587 Label:House1 SpatiallyLoaded:1 Bounds:IsValid=true, Min=(X=2100.620 Y=2618.917 Z=-22.700), Max=(X=2821.694 Y=3326.351 Z=602.517) RuntimeGrid:None EditorOnly:0 RuntimeOnly:0 HLODRelevant:1
 |   |   |- Guid:FE369CF94A071F9176E524A237CA92AA BaseClass: NativeClass:/Script/Engine.StaticMeshActor Name:StaticMeshActor_1 Label:SM_ChamferCube SpatiallyLoaded:1 Bounds:IsValid=true, Min=(X=1091.699 Y=271.699 Z=0.013), Max=(X=1228.301 Y=408.301 Z=100.013) RuntimeGrid:None EditorOnly:0 RuntimeOnly:0 HLODRelevant:0 FolderPath:SimulatedCubes FolderGuid:9AEEADCB4DC6C647D6E7C0B4EDA1744F
 |   |- [+] Clusters:
 |   |   |- [+] [  0]
 |   |   |   |- Guid:D65CE26D4543AB64D3E1CE82A79B39D9 BaseClass: NativeClass:/Script/Engine.StaticMeshActor Name:StaticMeshActor_45 Label:SM_ChamferCube11 SpatiallyLoaded:1 Bounds:IsValid=true, Min=(X=292.430 Y=3129.921 Z=0.013), Max=(X=433.313 Y=3270.804 Z=100.013) RuntimeGrid:None EditorOnly:0 RuntimeOnly:0 HLODRelevant:0 FolderPath:SimulatedCubes FolderGuid:9AEEADCB4DC6C647D6E7C0B4EDA1744F
 |   |   |- [+] [  1]
 |   |   |   |- Guid:F80621C9446867154938FE81375207DA BaseClass: NativeClass:/Script/Engine.DirectionalLight Name:DirectionalLight_1 Label:DirectionalLight SpatiallyLoaded:0 Bounds:IsValid=true, Min=(X=-1048576.000 Y=-1048576.000 Z=-1048576.000), Max=(X=1048576.000 Y=1048576.000 Z=1048576.000) RuntimeGrid:None EditorOnly:0 RuntimeOnly:0 HLODRelevant:0 FolderPath:Lighting FolderGuid:0BA5F0A04EADB18E70D5B180D08FA34B
 |   |   |- [+] [  2]
 |   |   |   |- Guid:5FE7584649BB6F09265329A6C57CFD0D BaseClass: NativeClass:/Script/Engine.VolumetricCloud Name:VolumetricCloud_0 Label:VolumetricCloud SpatiallyLoaded:0 Bounds:IsValid=true, Min=(X=0.000 Y=0.000 Z=820.000), Max=(X=0.000 Y=0.000 Z=820.000) RuntimeGrid:None EditorOnly:0 RuntimeOnly:0 HLODRelevant:0 FolderPath:Lighting FolderGuid:0BA5F0A04EADB18E70D5B180D08FA34B
 |   |   |- [+] [  3]
 |   |   |   |- Guid:61391D344900612A77DFC3BA3E354907 BaseClass: NativeClass:/Script/Engine.ExponentialHeightFog Name:ExponentialHeightFog_0 Label:ExponentialHeightFog SpatiallyLoaded:0 Bounds:IsValid=true, Min=(X=-5600.000 Y=-50.000 Z=-6850.000), Max=(X=-5600.000 Y=-50.000 Z=-6850.000) RuntimeGrid:None EditorOnly:0 RuntimeOnly:0 HLODRelevant:0 FolderPath:Lighting FolderGuid:0BA5F0A04EADB18E70D5B180D08FA34B
 |   |   |- [+] [  4]
 |   |   |   |- Guid:2B0AED5442E8C825D371FDA0F4D9154D BaseClass: NativeClass:/Script/Engine.StaticMeshActor Name:StaticMeshActor_UAID_98BB1E1DE4D4926001_1919143231 Label:SM_Cube20 SpatiallyLoaded:1 Bounds:IsValid=true, Min=(X=1400.000 Y=3300.000 Z=200.000), Max=(X=1500.000 Y=3400.000 Z=400.000) RuntimeGrid:None EditorOnly:0 RuntimeOnly:0 HLODRelevant:1 FolderPath:Block03 FolderGuid:0C5AB36945998C19C9EA9283402A8E02
 |   |   |- [+] [  5]
 |   |   |   |- Guid:C22CE07C4B87D685137FDBBC10FC92C6 BaseClass: NativeClass:/Script/Engine.SkyAtmosphere Name:SkyAtmosphere_0 Label:SkyAtmosphere SpatiallyLoaded:0 Bounds:IsValid=true, Min=(X=0.000 Y=0.000 Z=1020.000), Max=(X=0.000 Y=0.000 Z=1020.000) RuntimeGrid:None EditorOnly:0 RuntimeOnly:0 HLODRelevant:0 FolderPath:Lighting FolderGuid:0BA5F0A04EADB18E70D5B180D08FA34B
 |   |   |- [+] [  6]
 |   |   |   |- Guid:C0C56B9644AE3D40CAFF6A878DB29844 BaseClass: NativeClass:/Script/Engine.StaticMeshActor Name:StaticMeshActor_UAID_A4AE111137DC5EFB00_2001720423 Label:SM_SkySphere SpatiallyLoaded:0 Bounds:IsValid=true, Min=(X=-1638400.000 Y=-1638400.000 Z=-1638400.000), Max=(X=1638400.000 Y=1638400.000 Z=1638400.000) RuntimeGrid:None EditorOnly:0 RuntimeOnly:0 HLODRelevant:1 FolderPath:Lighting FolderGuid:0BA5F0A04EADB18E70D5B180D08FA34B
 |   |   |- [+] [  7]
 |   |   |   |- Guid:503301344EDD2580C9B8269BA1FF0C83 BaseClass: NativeClass:/Script/Engine.StaticMeshActor Name:StaticMeshActor_29 Label:SM_ChamferCube4 SpatiallyLoaded:1 Bounds:IsValid=true, Min=(X=334.338 Y=334.338 Z=0.063), Max=(X=545.662 Y=545.662 Z=150.063) RuntimeGrid:None EditorOnly:0 RuntimeOnly:0 HLODRelevant:0 FolderPath:SimulatedCubes FolderGuid:9AEEADCB4DC6C647D6E7C0B4EDA1744F
 |   |   |- [+] [  8]
 |   |   |   |- Guid:B86EAB6442C6A64FBBAD929E59D05462 BaseClass: NativeClass:/Script/Engine.StaticMeshActor Name:StaticMeshActor_UAID_98BB1E1DE4D4966001_1935508939 Label:SM_Cube9 SpatiallyLoaded:1 Bounds:IsValid=true, Min=(X=1470.000 Y=975.000 Z=0.000), Max=(X=1770.000 Y=2500.000 Z=200.000) RuntimeGrid:None EditorOnly:0 RuntimeOnly:0 HLODRelevant:1 FolderPath:Block04 FolderGuid:D00C3F324D055BED943FA6B0235C7FA2
 |   |   |- [+] [  9]
 |   |   |   |- Guid:8E9EA0F84D0FC901D6ABCF911C08AEE3 BaseClass: NativeClass:/Script/Engine.StaticMeshActor Name:StaticMeshActor_50 Label:SM_ChamferCube15 SpatiallyLoaded:1 Bounds:IsValid=true, Min=(X=2480.411 Y=2187.371 Z=0.013), Max=(X=2580.411 Y=2287.371 Z=100.013) RuntimeGrid:None EditorOnly:0 RuntimeOnly:0 HLODRelevant:0 FolderPath:SimulatedCubes FolderGuid:9AEEADCB4DC6C647D6E7C0B4EDA1744F
 |   |   |- [+] [ 10]
 |   |   |   |- Guid:21262252453B37957EF29F82ABA2413B BaseClass: NativeClass:/Script/Engine.TextRenderActor Name:TextRenderActor_1 Label:TextRenderActor SpatiallyLoaded:1 Bounds:IsValid=true, Min=(X=-0.100 Y=1100.000 Z=65.013), Max=(X=-0.100 Y=2363.461 Z=215.013) RuntimeGrid:None EditorOnly:0 RuntimeOnly:0 HLODRelevant:0
 |   |   |- [+] [ 11]
 |   |   |   |- Guid:1B25B2B9492818D816636ABAAACA9714 BaseClass: NativeClass:/Script/Engine.StaticMeshActor Name:StaticMeshActor_UAID_98BB1E1DE4D47B6001_1277528200 Label:poly6 SpatiallyLoaded:1 Bounds:IsValid=true, Min=(X=1527.119 Y=3222.240 Z=94.229), Max=(X=1572.881 Y=3277.760 Z=165.771) RuntimeGrid:None EditorOnly:0 RuntimeOnly:0 HLODRelevant:0
 |   |   |- [+] [ 12]
 |   |   |   |- Guid:9C7BB34D47B4943AF4019DA1A4EB801F BaseClass: NativeClass:/Script/Engine.StaticMeshActor Name:StaticMeshActor_UAID_98BB1E1DE4D4926001_1936356232 Label:SM_Cube21 SpatiallyLoaded:1 Bounds:IsValid=true, Min=(X=2000.000 Y=3300.000 Z=200.000), Max=(X=2100.000 Y=3400.000 Z=400.000) RuntimeGrid:None EditorOnly:0 RuntimeOnly:0 HLODRelevant:1 FolderPath:Block03 FolderGuid:0C5AB36945998C19C9EA9283402A8E02
 |   |   |- [+] [ 13]
 |   |   |   |- Guid:837F7F81453CA97E5C890BAFA969AC1E BaseClass: NativeClass:/Script/Engine.StaticMeshActor Name:StaticMeshActor_UAID_98BB1E1DE4D4936001_1877331410 Label:poly8 SpatiallyLoaded:1 Bounds:IsValid=true, Min=(X=836.735 Y=2972.598 Z=-19.543), Max=(X=1023.265 Y=3127.402 Z=109.543) RuntimeGrid:None EditorOnly:0 RuntimeOnly:0 HLODRelevant:1
 |   |   |- [+] [ 14]
 |   |   |   |- Guid:90B7B8D3420C2EABA931D3A6A69DF696 BaseClass: NativeClass:/Script/Engine.StaticMeshActor Name:StaticMeshActor_3 Label:SM_Cube2 SpatiallyLoaded:1 Bounds:IsValid=true, Min=(X=0.000 Y=0.000 Z=0.000), Max=(X=3000.000 Y=100.000 Z=400.000) RuntimeGrid:None EditorOnly:0 RuntimeOnly:0 HLODRelevant:1 FolderPath:Playground FolderGuid:6C02BB504B69D1F3D7A624B130C18E5B
 |   |   |- [+] [ 15]
 |   |   |   |- Guid:FE369CF94A071F9176E524A237CA92AA BaseClass: NativeClass:/Script/Engine.StaticMeshActor Name:StaticMeshActor_1 Label:SM_ChamferCube SpatiallyLoaded:1 Bounds:IsValid=true, Min=(X=1091.699 Y=271.699 Z=0.013), Max=(X=1228.301 Y=408.301 Z=100.013) RuntimeGrid:None EditorOnly:0 RuntimeOnly:0 HLODRelevant:0 FolderPath:SimulatedCubes FolderGuid:9AEEADCB4DC6C647D6E7C0B4EDA1744F
 |   |   |- [+] [ 16]
 |   |   |   |- Guid:2A78EF094E089635A07B30AB9A046A81 BaseClass: NativeClass:/Script/Engine.StaticMeshActor Name:StaticMeshActor_47 Label:SM_ChamferCube13 SpatiallyLoaded:1 Bounds:IsValid=true, Min=(X=250.297 Y=3094.568 Z=100.013), Max=(X=391.180 Y=3235.451 Z=200.013) RuntimeGrid:None EditorOnly:0 RuntimeOnly:0 HLODRelevant:0 FolderPath:SimulatedCubes FolderGuid:9AEEADCB4DC6C647D6E7C0B4EDA1744F
 |   |   |- [+] [ 17]
 |   |   |   |- Guid:9CD93C7A4D9A8DD7FB2CC5BF59330DBB BaseClass: NativeClass:/Script/Engine.StaticMeshActor Name:StaticMeshActor_UAID_98BB1E1DE4D47A6001_2094146018 Label:poly SpatiallyLoaded:1 Bounds:IsValid=true, Min=(X=1400.720 Y=3176.418 Z=200.578), Max=(X=2103.311 Y=3283.582 Z=279.422) RuntimeGrid:None EditorOnly:0 RuntimeOnly:0 HLODRelevant:1
 |   |   |- [+] [ 18]
 |   |   |   |- Guid:75B41DAF482E1EA054310EB9FC00B0BD BaseClass: NativeClass:/Script/Engine.StaticMeshActor Name:StaticMeshActor_UAID_98BB1E1DE4D4936001_1157201409 Label:poly7 SpatiallyLoaded:1 Bounds:IsValid=true, Min=(X=1172.423 Y=819.934 Z=-10.191), Max=(X=1227.577 Y=880.066 Z=50.191) RuntimeGrid:None EditorOnly:0 RuntimeOnly:0 HLODRelevant:1
 |   |   |- [+] [ 19]
 |   |   |   |- Guid:7DCFF2144714F0843D87428AC48CE4F4 BaseClass: NativeClass:/Script/Engine.StaticMeshActor Name:StaticMeshActor_24 Label:SM_ChamferCube17 SpatiallyLoaded:1 Bounds:IsValid=true, Min=(X=364.319 Y=1244.901 Z=0.013), Max=(X=492.491 Y=1373.073 Z=100.013) RuntimeGrid:None EditorOnly:0 RuntimeOnly:0 HLODRelevant:0 FolderPath:SimulatedCubes FolderGuid:9AEEADCB4DC6C647D6E7C0B4EDA1744F
 |   |   |- [+] [ 20]
 |   |   |   |- Guid:63F4D7D94F1905C04089D09215E8FE15 BaseClass: NativeClass:/Script/Engine.StaticMeshActor Name:StaticMeshActor_UAID_98BB1E1DE4D47B6001_1203276196 Label:poly2 SpatiallyLoaded:1 Bounds:IsValid=true, Min=(X=1927.119 Y=3222.240 Z=94.229), Max=(X=1972.881 Y=3277.760 Z=165.771) RuntimeGrid:None EditorOnly:0 RuntimeOnly:0 HLODRelevant:0
 |   |   |- [+] [ 21]
 |   |   |   |- Guid:CD4278904E18E19AB8DB1093C7B26CDA BaseClass: NativeClass:/Script/Engine.StaticMeshActor Name:StaticMeshActor_UAID_98BB1E1DE4D47A6001_1164697012 Label:SM_Cube14 SpatiallyLoaded:1 Bounds:IsValid=true, Min=(X=1400.000 Y=3200.000 Z=0.000), Max=(X=1500.000 Y=3300.000 Z=200.000) RuntimeGrid:None EditorOnly:0 RuntimeOnly:0 HLODRelevant:1 FolderPath:Block03 FolderGuid:0C5AB36945998C19C9EA9283402A8E02
 |   |   |- [+] [ 22]
 |   |   |   |- Guid:D6D1431348BC34188483198D991AAC14 BaseClass: NativeClass:/Script/Engine.StaticMeshActor Name:StaticMeshActor_UAID_98BB1E1DE4D47A6001_1074009008 Label:Cube2 SpatiallyLoaded:1 Bounds:IsValid=true, Min=(X=1800.000 Y=3200.000 Z=0.000), Max=(X=1900.000 Y=3300.000 Z=100.000) RuntimeGrid:None EditorOnly:0 RuntimeOnly:0 HLODRelevant:1
 |   |   |- [+] [ 23]
 |   |   |   |- Guid:5B93F64940411FEB975F73A3355484A8 BaseClass: NativeClass:/Script/Engine.StaticMeshActor Name:StaticMeshActor_UAID_98BB1E1DE4D4956001_1692644760 Label:CouchSmall1 SpatiallyLoaded:1 Bounds:IsValid=true, Min=(X=2372.894 Y=337.887 Z=-14.646), Max=(X=2615.863 Y=620.834 Z=84.038) RuntimeGrid:None EditorOnly:0 RuntimeOnly:0 HLODRelevant:1
 |   |   |- [+] [ 24]
 |   |   |   |- Guid:D1077B8B4C6D1D8B758340BFAFA4AC38 BaseClass: NativeClass:/Script/Engine.StaticMeshActor Name:StaticMeshActor_UAID_98BB1E1DE4D4966001_1791911938 Label:poly11 SpatiallyLoaded:1 Bounds:IsValid=true, Min=(X=233.142 Y=643.758 Z=-51.941), Max=(X=506.858 Y=956.242 Z=231.941) RuntimeGrid:None EditorOnly:0 RuntimeOnly:0 HLODRelevant:1
 |   |   |- [+] [ 25]
 |   |   |   |- Guid:20F27FF14697DB3FBBD3A8A78BA01473 BaseClass: NativeClass:/Script/Engine.TextRenderActor Name:TextRenderActor_UAID_98BB1E1DE4D4966001_2061315941 Label:TextRenderActor3 SpatiallyLoaded:1 Bounds:IsValid=true, Min=(X=2889.900 Y=1300.000 Z=65.013), Max=(X=2889.900 Y=2148.077 Z=215.013) RuntimeGrid:None EditorOnly:0 RuntimeOnly:0 HLODRelevant:0
 |   |   |- [+] [ 26]
 |   |   |   |- Guid:D44940D943955A5965276FBBEA044017 BaseClass: NativeClass:/Script/Engine.StaticMeshActor Name:StaticMeshActor_20 Label:SM_ChamferCube2 SpatiallyLoaded:1 Bounds:IsValid=true, Min=(X=324.987 Y=1136.837 Z=0.013), Max=(X=453.158 Y=1265.008 Z=100.013) RuntimeGrid:None EditorOnly:0 RuntimeOnly:0 HLODRelevant:0 FolderPath:SimulatedCubes FolderGuid:9AEEADCB4DC6C647D6E7C0B4EDA1744F
 |   |   |- [+] [ 27]
 |   |   |   |- Guid:EE66F4454A4A9F99393F559AB739C05E BaseClass:/Game/FirstPerson/Blueprints/BP_Pickup_Rifle.BP_Pickup_Rifle_C NativeClass:/Script/Engine.Actor Name:BP_Rifle_C_1 Label:BP_Pickup_Rifle SpatiallyLoaded:1 Bounds:IsValid=true, Min=(X=0.000 Y=0.000 Z=0.000), Max=(X=0.000 Y=0.000 Z=0.000) RuntimeGrid:None EditorOnly:0 RuntimeOnly:0 HLODRelevant:0
 |   |   |- [+] [ 28]
 |   |   |   |- Guid:7782BAA349380717D5F5B397F4534D7F BaseClass: NativeClass:/Script/Engine.StaticMeshActor Name:StaticMeshActor_UAID_98BB1E1DE4D4966001_1401173937 Label:ChairSmall1 SpatiallyLoaded:1 Bounds:IsValid=true, Min=(X=2240.422 Y=989.056 Z=-50.688), Max=(X=2610.478 Y=1377.636 Z=98.034) RuntimeGrid:None EditorOnly:0 RuntimeOnly:0 HLODRelevant:1
 |   |   |- [+] [ 29]
 |   |   |   |- Guid:2FD0C01B48892C35498F9A805991D554 BaseClass: NativeClass:/Script/Engine.StaticMeshActor Name:StaticMeshActor_UAID_98BB1E1DE4D4976001_1777382118 Label:GlobeSmall1 SpatiallyLoaded:1 Bounds:IsValid=true, Min=(X=2296.805 Y=844.606 Z=83.670), Max=(X=2385.462 Y=914.540 Z=162.913) RuntimeGrid:None EditorOnly:0 RuntimeOnly:0 HLODRelevant:1
 |   |   |- [+] [ 30]
 |   |   |   |- Guid:B14049424F5D6AB0ED4FBB89C9C4F9E3 BaseClass: NativeClass:/Script/Engine.StaticMeshActor Name:StaticMeshActor_UAID_98BB1E1DE4D4996001_1635248465 Label:poly13 SpatiallyLoaded:1 Bounds:IsValid=true, Min=(X=637.978 Y=2991.603 Z=-17.007), Max=(X=722.022 Y=3088.397 Z=81.007) RuntimeGrid:None EditorOnly:0 RuntimeOnly:0 HLODRelevant:1
 |   |   |- [+] [ 31]
 |   |   |   |- Guid:573177074D0ADB4DA9A357AE2A5CADA8 BaseClass: NativeClass:/Script/Engine.StaticMeshActor Name:StaticMeshActor_49 Label:SM_ChamferCube14 SpatiallyLoaded:1 Bounds:IsValid=true, Min=(X=2480.411 Y=2302.371 Z=0.013), Max=(X=2580.411 Y=2402.371 Z=100.013) RuntimeGrid:None EditorOnly:0 RuntimeOnly:0 HLODRelevant:0 FolderPath:SimulatedCubes FolderGuid:9AEEADCB4DC6C647D6E7C0B4EDA1744F
 |   |   |- [+] [ 32]
 |   |   |   |- Guid:78CAF7514C7533F30BD2F19A017AAB65 BaseClass: NativeClass:/Script/Engine.StaticMeshActor Name:StaticMeshActor_0 Label:SM_Cube SpatiallyLoaded:1 Bounds:IsValid=true, Min=(X=0.000 Y=0.000 Z=-50.000), Max=(X=3000.000 Y=3500.000 Z=0.000) RuntimeGrid:None EditorOnly:0 RuntimeOnly:0 HLODRelevant:1 FolderPath:Playground FolderGuid:6C02BB504B69D1F3D7A624B130C18E5B
 |   |   |- [+] [ 33]
 |   |   |   |- Guid:78907B824E304E162A9A02B9095F1FA1 BaseClass: NativeClass:/Script/Engine.StaticMeshActor Name:StaticMeshActor_43 Label:SM_ChamferCube9 SpatiallyLoaded:1 Bounds:IsValid=true, Min=(X=1191.292 Y=329.199 Z=0.013), Max=(X=1327.894 Y=465.801 Z=100.013) RuntimeGrid:None EditorOnly:0 RuntimeOnly:0 HLODRelevant:0 FolderPath:SimulatedCubes FolderGuid:9AEEADCB4DC6C647D6E7C0B4EDA1744F
 |   |   |- [+] [ 34]
 |   |   |   |- Guid:B0718D6846706384220C03973177EDC1 BaseClass: NativeClass:/Script/Engine.StaticMeshActor Name:StaticMeshActor_44 Label:SM_ChamferCube10 SpatiallyLoaded:1 Bounds:IsValid=true, Min=(X=1139.330 Y=299.199 Z=100.013), Max=(X=1275.933 Y=435.801 Z=200.013) RuntimeGrid:None EditorOnly:0 RuntimeOnly:0 HLODRelevant:0 FolderPath:SimulatedCubes FolderGuid:9AEEADCB4DC6C647D6E7C0B4EDA1744F
 |   |   |- [+] [ 35]
 |   |   |   |- Guid:014139064B272AE31FF877B819CB5734 BaseClass: NativeClass:/Script/Engine.StaticMeshActor Name:StaticMeshActor_8 Label:SM_ChamferCube3 SpatiallyLoaded:1 Bounds:IsValid=true, Min=(X=257.548 Y=2127.548 Z=0.063), Max=(X=462.452 Y=2332.452 Z=150.063) RuntimeGrid:None EditorOnly:0 RuntimeOnly:0 HLODRelevant:0 FolderPath:SimulatedCubes FolderGuid:9AEEADCB4DC6C647D6E7C0B4EDA1744F
 |   |   |- [+] [ 36]
 |   |   |   |- Guid:764666EF4316C7851F06859A678454F2 BaseClass: NativeClass:/Script/Engine.StaticMeshActor Name:StaticMeshActor_46 Label:SM_ChamferCube12 SpatiallyLoaded:1 Bounds:IsValid=true, Min=(X=204.335 Y=3056.000 Z=0.013), Max=(X=345.218 Y=3196.884 Z=100.013) RuntimeGrid:None EditorOnly:0 RuntimeOnly:0 HLODRelevant:0 FolderPath:SimulatedCubes FolderGuid:9AEEADCB4DC6C647D6E7C0B4EDA1744F
 |   |   |- [+] [ 37]
 |   |   |   |- Guid:A354B1B24E617A525DC6B48CCDE2417E BaseClass: NativeClass:/Script/Engine.PlayerStart Name:PlayerStart_0 Label:PlayerStart SpatiallyLoaded:0 Bounds:IsValid=true, Min=(X=860.000 Y=810.000 Z=0.013), Max=(X=940.000 Y=890.000 Z=184.013) RuntimeGrid:None EditorOnly:0 RuntimeOnly:0 HLODRelevant:0
 |   |   |- [+] [ 38]
 |   |   |   |- Guid:84FF002B471A203F17A47C9674F46D62 BaseClass: NativeClass:/Script/Engine.StaticMeshActor Name:StaticMeshActor_UAID_98BB1E1DE4D47A6001_1100182010 Label:Cube4 SpatiallyLoaded:1 Bounds:IsValid=true, Min=(X=1500.000 Y=3200.000 Z=0.000), Max=(X=1600.000 Y=3300.000 Z=100.000) RuntimeGrid:None EditorOnly:0 RuntimeOnly:0 HLODRelevant:1
 |   |   |- [+] [ 39]
 |   |   |   |- Guid:F423494748838458BA04AB8D62D55023 BaseClass: NativeClass:/Script/Engine.StaticMeshActor Name:StaticMeshActor_UAID_98BB1E1DE4D47B6001_1262314198 Label:poly4 SpatiallyLoaded:1 Bounds:IsValid=true, Min=(X=1727.119 Y=3222.240 Z=94.229), Max=(X=1772.881 Y=3277.760 Z=165.771) RuntimeGrid:None EditorOnly:0 RuntimeOnly:0 HLODRelevant:0
 |   |   |- [+] [ 40]
 |   |   |   |- Guid:D0C51FCF43389BBC97C8B0A97111D1AD BaseClass: NativeClass:/Script/Engine.StaticMeshActor Name:StaticMeshActor_UAID_98BB1E1DE4D47B6001_1249627197 Label:poly3 SpatiallyLoaded:1 Bounds:IsValid=true, Min=(X=1827.119 Y=3222.240 Z=94.229), Max=(X=1872.881 Y=3277.760 Z=165.771) RuntimeGrid:None EditorOnly:0 RuntimeOnly:0 HLODRelevant:0
 |   |   |- [+] [ 41]
 |   |   |   |- Guid:56ADA9B74BFCD3752E71CEAE7D732FD4 BaseClass: NativeClass:/Script/Engine.StaticMeshActor Name:StaticMeshActor_UAID_98BB1E1DE4D4796001_2080533831 Label:Cube SpatiallyLoaded:1 Bounds:IsValid=true, Min=(X=1700.000 Y=3200.000 Z=0.000), Max=(X=1800.000 Y=3300.000 Z=100.000) RuntimeGrid:None EditorOnly:0 RuntimeOnly:0 HLODRelevant:1
 |   |   |- [+] [ 42]
 |   |   |   |- Guid:7DFAAD3E4825788EEAF65091D7CCCD5E BaseClass: NativeClass:/Script/Engine.StaticMeshActor Name:StaticMeshActor_UAID_98BB1E1DE4D4946001_1520455589 Label:poly10 SpatiallyLoaded:1 Bounds:IsValid=true, Min=(X=640.805 Y=2992.880 Z=-15.548), Max=(X=719.195 Y=3087.120 Z=75.548) RuntimeGrid:None EditorOnly:0 RuntimeOnly:0 HLODRelevant:1
 |   |   |- [+] [ 43]
 |   |   |   |- Guid:6B9F7C52434CCF99C7551893412C2C21 BaseClass: NativeClass:/Script/Engine.StaticMeshActor Name:StaticMeshActor_51 Label:SM_ChamferCube16 SpatiallyLoaded:1 Bounds:IsValid=true, Min=(X=2480.411 Y=2247.371 Z=100.013), Max=(X=2580.411 Y=2347.371 Z=200.013) RuntimeGrid:None EditorOnly:0 RuntimeOnly:0 HLODRelevant:0 FolderPath:SimulatedCubes FolderGuid:9AEEADCB4DC6C647D6E7C0B4EDA1744F
 |   |   |- [+] [ 44]
 |   |   |   |- Guid:0EDB289B45CB7E0977A6DBA74201EE76 BaseClass: NativeClass:/Script/Engine.StaticMeshActor Name:StaticMeshActor_10 Label:SM_Cube6 SpatiallyLoaded:1 Bounds:IsValid=true, Min=(X=2900.000 Y=100.000 Z=0.000), Max=(X=3000.000 Y=3400.000 Z=400.000) RuntimeGrid:None EditorOnly:0 RuntimeOnly:0 HLODRelevant:1 FolderPath:Playground FolderGuid:6C02BB504B69D1F3D7A624B130C18E5B
 |   |   |- [+] [ 45]
 |   |   |   |- Guid:3705B0BD4311A0E1A15E33A5C99C1C14 BaseClass: NativeClass:/Script/Engine.StaticMeshActor Name:StaticMeshActor_UAID_98BB1E1DE4D47B6001_1271361199 Label:poly5 SpatiallyLoaded:1 Bounds:IsValid=true, Min=(X=1627.119 Y=3222.240 Z=94.229), Max=(X=1672.881 Y=3277.760 Z=165.771) RuntimeGrid:None EditorOnly:0 RuntimeOnly:0 HLODRelevant:0
 |   |   |- [+] [ 46]
 |   |   |   |- Guid:CE8D82634660FCDB3120E2B8D547C533 BaseClass: NativeClass:/Script/Engine.PostProcessVolume Name:PostProcessVolume_0 Label:PostProcessVolume SpatiallyLoaded:0 Bounds:IsValid=true, Min=(X=0.000 Y=0.000 Z=400.000), Max=(X=200.000 Y=200.000 Z=600.000) RuntimeGrid:None EditorOnly:0 RuntimeOnly:0 HLODRelevant:0 FolderPath:Lighting FolderGuid:0BA5F0A04EADB18E70D5B180D08FA34B
 |   |   |- [+] [ 47]
 |   |   |   |- Guid:8559D1384B14F466E8927697A36C1D78 BaseClass: NativeClass:/Script/Engine.StaticMeshActor Name:StaticMeshActor_9 Label:SM_Cube5 SpatiallyLoaded:1 Bounds:IsValid=true, Min=(X=-0.000 Y=100.000 Z=0.000), Max=(X=100.000 Y=3400.000 Z=400.000) RuntimeGrid:None EditorOnly:0 RuntimeOnly:0 HLODRelevant:1 FolderPath:Playground FolderGuid:6C02BB504B69D1F3D7A624B130C18E5B
 |   |   |- [+] [ 48]
 |   |   |   |- Guid:CB64DC164CF36A2999D6EE9B118018D3 BaseClass: NativeClass:/Script/Engine.TextRenderActor Name:TextRenderActor_UAID_98BB1E1DE4D4966001_1993937940 Label:TextRenderActor2 SpatiallyLoaded:1 Bounds:IsValid=true, Min=(X=119.900 Y=1532.308 Z=65.013), Max=(X=119.900 Y=2040.000 Z=215.013) RuntimeGrid:None EditorOnly:0 RuntimeOnly:0 HLODRelevant:0
 |   |   |- [+] [ 49]
 |   |   |   |- Guid:D935740A490176EB4702AF96F92450E8 BaseClass: NativeClass:/Script/Engine.StaticMeshActor Name:StaticMeshActor_38 Label:SM_ChamferCube18 SpatiallyLoaded:1 Bounds:IsValid=true, Min=(X=343.798 Y=1188.520 Z=100.013), Max=(X=471.969 Y=1316.691 Z=200.013) RuntimeGrid:None EditorOnly:0 RuntimeOnly:0 HLODRelevant:0 FolderPath:SimulatedCubes FolderGuid:9AEEADCB4DC6C647D6E7C0B4EDA1744F
 |   |   |- [+] [ 50]
 |   |   |   |- Guid:434957394CEB83369EF1579D2F362122 BaseClass: NativeClass:/Script/Engine.StaticMeshActor Name:StaticMeshActor_UAID_98BB1E1DE4D47A6001_1209100014 Label:SM_Cube18 SpatiallyLoaded:1 Bounds:IsValid=true, Min=(X=2000.000 Y=3300.000 Z=0.000), Max=(X=2100.000 Y=3400.000 Z=200.000) RuntimeGrid:None EditorOnly:0 RuntimeOnly:0 HLODRelevant:1 FolderPath:Block03 FolderGuid:0C5AB36945998C19C9EA9283402A8E02
 |   |   |- [+] [ 51]
 |   |   |   |- Guid:B299899F463EB5F746599CB14F472FA0 BaseClass: NativeClass:/Script/Engine.StaticMeshActor Name:StaticMeshActor_UAID_98BB1E1DE4D47A6001_1089651009 Label:Cube3 SpatiallyLoaded:1 Bounds:IsValid=true, Min=(X=1600.000 Y=3200.000 Z=0.000), Max=(X=1700.000 Y=3300.000 Z=100.000) RuntimeGrid:None EditorOnly:0 RuntimeOnly:0 HLODRelevant:1
 |   |   |- [+] [ 52]
 |   |   |   |- Guid:FDF413BE4F6B6E74D8BAB7BAC8734A05 BaseClass: NativeClass:/Script/Engine.StaticMeshActor Name:StaticMeshActor_UAID_98BB1E1DE4D4946001_1090108587 Label:House1 SpatiallyLoaded:1 Bounds:IsValid=true, Min=(X=2100.620 Y=2618.917 Z=-22.700), Max=(X=2821.694 Y=3326.351 Z=602.517) RuntimeGrid:None EditorOnly:0 RuntimeOnly:0 HLODRelevant:1
 |   |   |- [+] [ 53]
 |   |   |   |- Guid:E5320C1B4FD9764CE7B54D8487AEC613 BaseClass: NativeClass:/Script/Engine.SkyLight Name:SkyLight_0 Label:SkyLight SpatiallyLoaded:0 Bounds:IsValid=true, Min=(X=0.000 Y=0.000 Z=690.000), Max=(X=0.000 Y=0.000 Z=690.000) RuntimeGrid:None EditorOnly:0 RuntimeOnly:0 HLODRelevant:0 FolderPath:Lighting FolderGuid:0BA5F0A04EADB18E70D5B180D08FA34B
 |   |   |- [+] [ 54]
 |   |   |   |- Guid:F07F1AF64C7C7C238EE1B4BF8C122DD8 BaseClass: NativeClass:/Script/Engine.StaticMeshActor Name:StaticMeshActor_4 Label:SM_Cube3 SpatiallyLoaded:1 Bounds:IsValid=true, Min=(X=0.000 Y=3400.000 Z=0.000), Max=(X=3000.000 Y=3500.000 Z=400.000) RuntimeGrid:None EditorOnly:0 RuntimeOnly:0 HLODRelevant:1 FolderPath:Playground FolderGuid:6C02BB504B69D1F3D7A624B130C18E5B
 |   |   |- [+] [ 55]
 |   |   |   |- Guid:9DA0C7E94C61DC9EA093268704BB3CBC BaseClass: NativeClass:/Script/Engine.StaticMeshActor Name:StaticMeshActor_UAID_98BB1E1DE4D47A6001_1149174011 Label:Cube5 SpatiallyLoaded:1 Bounds:IsValid=true, Min=(X=1900.000 Y=3200.000 Z=0.000), Max=(X=2000.000 Y=3300.000 Z=100.000) RuntimeGrid:None EditorOnly:0 RuntimeOnly:0 HLODRelevant:1
 |   |   |- [+] [ 56]
 |   |   |   |- Guid:1EB057FD4F41CCCFB2A1C898B17698EF BaseClass: NativeClass:/Script/Engine.StaticMeshActor Name:StaticMeshActor_UAID_98BB1E1DE4D4996001_1535012464 Label:poly12 SpatiallyLoaded:1 Bounds:IsValid=true, Min=(X=384.994 Y=2769.749 Z=-14.681), Max=(X=515.006 Y=3030.251 Z=94.681) RuntimeGrid:None EditorOnly:0 RuntimeOnly:0 HLODRelevant:1
 |   |   |- [+] [ 57]
 |   |   |   |- Guid:6FEFB3BD4EB37B849EF0D4AC80F83855 BaseClass: NativeClass:/Script/Engine.WorldDataLayers Name:WorldDataLayers Label:WorldDataLayers SpatiallyLoaded:0 Bounds:IsValid=true, Min=(X=0.000 Y=0.000 Z=0.000), Max=(X=0.000 Y=0.000 Z=0.000) RuntimeGrid:None EditorOnly:0 RuntimeOnly:0 HLODRelevant:0
 |   |   |- [+] [ 58]
 |   |   |   |- Guid:EE17A1EA4234790416C4AD81693149D4 BaseClass: NativeClass:/Script/Engine.StaticMeshActor Name:StaticMeshActor_UAID_98BB1E1DE4D47A6001_1220466015 Label:SM_Cube19 SpatiallyLoaded:1 Bounds:IsValid=true, Min=(X=1400.000 Y=3300.000 Z=0.000), Max=(X=1500.000 Y=3400.000 Z=200.000) RuntimeGrid:None EditorOnly:0 RuntimeOnly:0 HLODRelevant:1 FolderPath:Block03 FolderGuid:0C5AB36945998C19C9EA9283402A8E02
 |   |   |- [+] [ 59]
 |   |   |   |- Guid:DFB92E0E4F208F5270E9F7A849762986 BaseClass: NativeClass:/Script/Engine.StaticMeshActor Name:StaticMeshActor_UAID_98BB1E1DE4D4946001_1502247588 Label:poly9 SpatiallyLoaded:1 Bounds:IsValid=true, Min=(X=661.619 Y=3009.390 Z=66.001), Max=(X=718.381 Y=3070.610 Z=143.999) RuntimeGrid:None EditorOnly:0 RuntimeOnly:0 HLODRelevant:1
 |   |   |- [+] [ 60]
 |   |   |   |- Guid:34FCD8EA4864C19286E0D89574E45698 BaseClass: NativeClass:/Script/Engine.StaticMeshActor Name:StaticMeshActor_UAID_98BB1E1DE4D47A6001_1184728013 Label:SM_Cube17 SpatiallyLoaded:1 Bounds:IsValid=true, Min=(X=2000.000 Y=3200.000 Z=0.000), Max=(X=2100.000 Y=3300.000 Z=200.000) RuntimeGrid:None EditorOnly:0 RuntimeOnly:0 HLODRelevant:1 FolderPath:Block03 FolderGuid:0C5AB36945998C19C9EA9283402A8E02
 |   |   |- [+] [ 61]
 |   |   |   |- Guid:8B0D31EE48868FF7EF5A88B7F75BC418 BaseClass: NativeClass:/Script/Engine.StaticMeshActor Name:StaticMeshActor_UAID_98BB1E1DE4D4956001_1507601759 Label:TableSmall1 SpatiallyLoaded:1 Bounds:IsValid=true, Min=(X=2288.662 Y=827.410 Z=-5.078), Max=(X=2420.598 Y=929.184 Z=97.083) RuntimeGrid:None EditorOnly:0 RuntimeOnly:0 HLODRelevant:1
 |- ContainerInstances:
 |- [+] MainContainer:
 |   |-        ID: 0x0000000000000000
 |   |-    Bounds: IsValid=false, Min=(X=0.000 Y=0.000 Z=0.000), Max=(X=0.000 Y=0.000 Z=0.000)
 |   |- Transform: 0.000000,0.000000,0.000000|0.000000,0.000000,-0.000000|1.000000,1.000000,1.000000
 |   |- Container: /Game/FirstPerson/Maps/FirstPersonMap
----------------------------------------------------------------------------------------------------------------
FirstPersonMap - Persistent Level
----------------------------------------------------------------------------------------------------------------
Always loaded Actor Count: 5 

----------------------------------------------------------------------------------------------------------------
FirstPersonMap - Runtime Spatial Hash - Streaming Grid - MainGrid
----------------------------------------------------------------------------------------------------------------
            Origin: X=0.000 Y=0.000 Z=0.000
         Cell Size: 12800
      World Bounds: IsValid=false, Min=(X=0.000 Y=0.000 Z=0.000), Max=(X=0.000 Y=0.000 Z=0.000)
     Loading Range: 25600.00
Block Slow Loading: No
 ClientOnlyVisible: No

[+] Grid Levels: 1
 |- Level  0: Cell Count    1 | Cell Size   12800 | Actor Count   62 (100.0%)

[+] Content of Grid Level 0
 |- [+] Content of Cell MainGrid_L0_X0_Y0
 |   |- Actor Count: 62
 |   |- MinMaxZ: X=-1638400.000 Y=1638400.000
 |   |- Actor Path: /Game/FirstPerson/Maps/FirstPersonMap.FirstPersonMap:PersistentLevel.StaticMeshActor_45
 |   |- Actor Package: /Game/__ExternalActors__/FirstPerson/Maps/FirstPersonMap/0/NB/NWWEVRQSGT6ARVZ8HQLCM9
 |   |- Actor Path: /Game/FirstPerson/Maps/FirstPersonMap.FirstPersonMap:PersistentLevel.DirectionalLight_1
 |   |- Actor Package: /Game/__ExternalActors__/FirstPerson/Maps/FirstPersonMap/0/WB/V4ALNTJYOVWM8BU452CKV5
 |   |- Actor Path: /Game/FirstPerson/Maps/FirstPersonMap.FirstPersonMap:PersistentLevel.VolumetricCloud_0
 |   |- Actor Package: /Game/__ExternalActors__/FirstPerson/Maps/FirstPersonMap/0/GO/I8WEFD3RY9V3NVQLSU6QM4
 |   |- Actor Path: /Game/FirstPerson/Maps/FirstPersonMap.FirstPersonMap:PersistentLevel.ExponentialHeightFog_0
 |   |- Actor Package: /Game/__ExternalActors__/FirstPerson/Maps/FirstPersonMap/0/CL/381LM03PFI8AF9NED1SEV2
 |   |- Actor Path: /Game/FirstPerson/Maps/FirstPersonMap.FirstPersonMap:PersistentLevel.StaticMeshActor_UAID_98BB1E1DE4D4926001_1919143231
 |   |- Actor Package: /Game/__ExternalActors__/FirstPerson/Maps/FirstPersonMap/0/CJ/IQX2Y1KAMRPT27P7GTXP6T
 |   |- Actor Path: /Game/FirstPerson/Maps/FirstPersonMap.FirstPersonMap:PersistentLevel.SkyAtmosphere_0
 |   |- Actor Package: /Game/__ExternalActors__/FirstPerson/Maps/FirstPersonMap/C/VO/VMN4G7K3NKKV6F8HTPHHDB
 |   |- Actor Path: /Game/FirstPerson/Maps/FirstPersonMap.FirstPersonMap:PersistentLevel.StaticMeshActor_UAID_A4AE111137DC5EFB00_2001720423
 |   |- Actor Package: /Game/__ExternalActors__/FirstPerson/Maps/FirstPersonMap/C/ZU/PDQ0AB8RLNMVID876FD49G
 |   |- Actor Path: /Game/FirstPerson/Maps/FirstPersonMap.FirstPersonMap:PersistentLevel.StaticMeshActor_29
 |   |- Actor Package: /Game/__ExternalActors__/FirstPerson/Maps/FirstPersonMap/C/P8/0GJ9TLQE2YKOIFZ6YHG33H
 |   |- Actor Path: /Game/FirstPerson/Maps/FirstPersonMap.FirstPersonMap:PersistentLevel.StaticMeshActor_UAID_98BB1E1DE4D4966001_1935508939
 |   |- Actor Package: /Game/__ExternalActors__/FirstPerson/Maps/FirstPersonMap/C/WS/HQSHZYIX3ZP1UT8FR0RXVY
 |   |- Actor Path: /Game/FirstPerson/Maps/FirstPersonMap.FirstPersonMap:PersistentLevel.StaticMeshActor_50
 |   |- Actor Package: /Game/__ExternalActors__/FirstPerson/Maps/FirstPersonMap/1/QL/31H7DJTVWEX04CCMX5U1SN
 |   |- Actor Path: /Game/FirstPerson/Maps/FirstPersonMap.FirstPersonMap:PersistentLevel.TextRenderActor_1
 |   |- Actor Package: /Game/__ExternalActors__/FirstPerson/Maps/FirstPersonMap/1/RN/55P1SMQLAF7OK6300D5I8N
 |   |- Actor Path: /Game/FirstPerson/Maps/FirstPersonMap.FirstPersonMap:PersistentLevel.StaticMeshActor_UAID_98BB1E1DE4D47B6001_1277528200
 |   |- Actor Package: /Game/__ExternalActors__/FirstPerson/Maps/FirstPersonMap/1/10/TT3P6N5436ST8KOU82N37J
 |   |- Actor Path: /Game/FirstPerson/Maps/FirstPersonMap.FirstPersonMap:PersistentLevel.StaticMeshActor_UAID_98BB1E1DE4D4926001_1936356232
 |   |- Actor Package: /Game/__ExternalActors__/FirstPerson/Maps/FirstPersonMap/1/HZ/653QDIHGVSKCR4X9JZORNN
 |   |- Actor Path: /Game/FirstPerson/Maps/FirstPersonMap.FirstPersonMap:PersistentLevel.StaticMeshActor_UAID_98BB1E1DE4D4936001_1877331410
 |   |- Actor Package: /Game/__ExternalActors__/FirstPerson/Maps/FirstPersonMap/1/VT/DCGYY5RC8Q8H0DBR6D64QR
 |   |- Actor Path: /Game/FirstPerson/Maps/FirstPersonMap.FirstPersonMap:PersistentLevel.StaticMeshActor_3
 |   |- Actor Package: /Game/__ExternalActors__/FirstPerson/Maps/FirstPersonMap/3/AI/0XWE3RNM2XQC0ST1KXG02O
 |   |- Actor Path: /Game/FirstPerson/Maps/FirstPersonMap.FirstPersonMap:PersistentLevel.StaticMeshActor_1
 |   |- Actor Package: /Game/__ExternalActors__/FirstPerson/Maps/FirstPersonMap/3/C8/Z38FT77DKZLKDXTQ7PZNM4
 |   |- Actor Path: /Game/FirstPerson/Maps/FirstPersonMap.FirstPersonMap:PersistentLevel.StaticMeshActor_47
 |   |- Actor Package: /Game/__ExternalActors__/FirstPerson/Maps/FirstPersonMap/3/YY/ZEL6NJUQJU43LAD9X3NXTT
 |   |- Actor Path: /Game/FirstPerson/Maps/FirstPersonMap.FirstPersonMap:PersistentLevel.StaticMeshActor_UAID_98BB1E1DE4D47A6001_2094146018
 |   |- Actor Package: /Game/__ExternalActors__/FirstPerson/Maps/FirstPersonMap/3/1S/FY2IXZYZ0DK20645VZLCWP
 |   |- Actor Path: /Game/FirstPerson/Maps/FirstPersonMap.FirstPersonMap:PersistentLevel.StaticMeshActor_UAID_98BB1E1DE4D4936001_1157201409
 |   |- Actor Package: /Game/__ExternalActors__/FirstPerson/Maps/FirstPersonMap/3/X8/Y5KRJQWCUQW25VGELBQU74
 |   |- Actor Path: /Game/FirstPerson/Maps/FirstPersonMap.FirstPersonMap:PersistentLevel.StaticMeshActor_24
 |   |- Actor Package: /Game/__ExternalActors__/FirstPerson/Maps/FirstPersonMap/4/PT/ZXUQMNLL9GZ2UNQ5D0R4A4
 |   |- Actor Path: /Game/FirstPerson/Maps/FirstPersonMap.FirstPersonMap:PersistentLevel.StaticMeshActor_UAID_98BB1E1DE4D47B6001_1203276196
 |   |- Actor Package: /Game/__ExternalActors__/FirstPerson/Maps/FirstPersonMap/4/7G/5D9KRW0CJ2BRF43GU6512C
 |   |- Actor Path: /Game/FirstPerson/Maps/FirstPersonMap.FirstPersonMap:PersistentLevel.StaticMeshActor_UAID_98BB1E1DE4D47A6001_1164697012
 |   |- Actor Package: /Game/__ExternalActors__/FirstPerson/Maps/FirstPersonMap/4/I5/J0VJ4YTX1NE8MMLFGP2I5D
 |   |- Actor Path: /Game/FirstPerson/Maps/FirstPersonMap.FirstPersonMap:PersistentLevel.StaticMeshActor_UAID_98BB1E1DE4D47A6001_1074009008
 |   |- Actor Package: /Game/__ExternalActors__/FirstPerson/Maps/FirstPersonMap/4/JN/49803PQRMKAA6NKU6TT2SZ
 |   |- Actor Path: /Game/FirstPerson/Maps/FirstPersonMap.FirstPersonMap:PersistentLevel.StaticMeshActor_UAID_98BB1E1DE4D4956001_1692644760
 |   |- Actor Package: /Game/__ExternalActors__/FirstPerson/Maps/FirstPersonMap/4/PS/75LAP6DRKCSXQH7QNSSWJE
 |   |- Actor Path: /Game/FirstPerson/Maps/FirstPersonMap.FirstPersonMap:PersistentLevel.StaticMeshActor_UAID_98BB1E1DE4D4966001_1791911938
 |   |- Actor Package: /Game/__ExternalActors__/FirstPerson/Maps/FirstPersonMap/4/B7/HI08O5I7ATB34ZH3UVXYCL
 |   |- Actor Path: /Game/FirstPerson/Maps/FirstPersonMap.FirstPersonMap:PersistentLevel.TextRenderActor_UAID_98BB1E1DE4D4966001_2061315941
 |   |- Actor Package: /Game/__ExternalActors__/FirstPerson/Maps/FirstPersonMap/4/E8/A5ULMZTCE0OH9UHA4NZEJ4
 |   |- Actor Path: /Game/FirstPerson/Maps/FirstPersonMap.FirstPersonMap:PersistentLevel.StaticMeshActor_20
 |   |- Actor Package: /Game/__ExternalActors__/FirstPerson/Maps/FirstPersonMap/F/2F/0SPQG8P507LI9VUAFG20OA
 |   |- Actor Path: /Game/FirstPerson/Maps/FirstPersonMap.FirstPersonMap:PersistentLevel.BP_Rifle_C_1
 |   |- Actor Package: /Game/__ExternalActors__/FirstPerson/Maps/FirstPersonMap/5/8C/EAHCBN229IT8APJO305AH5
 |   |- Actor Path: /Game/FirstPerson/Maps/FirstPersonMap.FirstPersonMap:PersistentLevel.StaticMeshActor_UAID_98BB1E1DE4D4966001_1401173937
 |   |- Actor Package: /Game/__ExternalActors__/FirstPerson/Maps/FirstPersonMap/5/HC/DKE4L2U3V9RPT6QSLYF0WH
 |   |- Actor Path: /Game/FirstPerson/Maps/FirstPersonMap.FirstPersonMap:PersistentLevel.StaticMeshActor_UAID_98BB1E1DE4D4976001_1777382118
 |   |- Actor Package: /Game/__ExternalActors__/FirstPerson/Maps/FirstPersonMap/5/WY/8FRB6NNEWH47EQ0XMXQ4PF
 |   |- Actor Path: /Game/FirstPerson/Maps/FirstPersonMap.FirstPersonMap:PersistentLevel.StaticMeshActor_UAID_98BB1E1DE4D4996001_1635248465
 |   |- Actor Package: /Game/__ExternalActors__/FirstPerson/Maps/FirstPersonMap/5/6C/79512R0VYZKVV1ESJEO9ME
 |   |- Actor Path: /Game/FirstPerson/Maps/FirstPersonMap.FirstPersonMap:PersistentLevel.StaticMeshActor_49
 |   |- Actor Package: /Game/__ExternalActors__/FirstPerson/Maps/FirstPersonMap/7/WS/X084A70TPBKFLJDCV2U5PN
 |   |- Actor Path: /Game/FirstPerson/Maps/FirstPersonMap.FirstPersonMap:PersistentLevel.StaticMeshActor_0
 |   |- Actor Package: /Game/__ExternalActors__/FirstPerson/Maps/FirstPersonMap/7/L5/1ZJ54FMA0DAL3I2Q8RFAIB
 |   |- Actor Path: /Game/FirstPerson/Maps/FirstPersonMap.FirstPersonMap:PersistentLevel.StaticMeshActor_43
 |   |- Actor Package: /Game/__ExternalActors__/FirstPerson/Maps/FirstPersonMap/7/GI/GZM47KS5FPIQH5TLSYC1ME
 |   |- Actor Path: /Game/FirstPerson/Maps/FirstPersonMap.FirstPersonMap:PersistentLevel.StaticMeshActor_44
 |   |- Actor Package: /Game/__ExternalActors__/FirstPerson/Maps/FirstPersonMap/8/CF/ZNIOCRD90Z70MMV9NMW778
 |   |- Actor Path: /Game/FirstPerson/Maps/FirstPersonMap.FirstPersonMap:PersistentLevel.StaticMeshActor_8
 |   |- Actor Package: /Game/__ExternalActors__/FirstPerson/Maps/FirstPersonMap/8/SZ/D1AHM62WL9TXSNPYQDXQMZ
 |   |- Actor Path: /Game/FirstPerson/Maps/FirstPersonMap.FirstPersonMap:PersistentLevel.StaticMeshActor_46
 |   |- Actor Package: /Game/__ExternalActors__/FirstPerson/Maps/FirstPersonMap/8/Y4/KY9ZXT77SAVGWBRTNCFCSC
 |   |- Actor Path: /Game/FirstPerson/Maps/FirstPersonMap.FirstPersonMap:PersistentLevel.PlayerStart_0
 |   |- Actor Package: /Game/__ExternalActors__/FirstPerson/Maps/FirstPersonMap/8/Z7/W1SXRCM1KAKBJOIZDLHZ47
 |   |- Actor Path: /Game/FirstPerson/Maps/FirstPersonMap.FirstPersonMap:PersistentLevel.StaticMeshActor_UAID_98BB1E1DE4D47A6001_1100182010
 |   |- Actor Package: /Game/__ExternalActors__/FirstPerson/Maps/FirstPersonMap/8/MG/WKUDUI0JLM1V3YWSSSLKJ4
 |   |- Actor Path: /Game/FirstPerson/Maps/FirstPersonMap.FirstPersonMap:PersistentLevel.StaticMeshActor_UAID_98BB1E1DE4D47B6001_1262314198
 |   |- Actor Package: /Game/__ExternalActors__/FirstPerson/Maps/FirstPersonMap/8/VR/1VTHVPHIHIR5MBVG7YRQUN
 |   |- Actor Path: /Game/FirstPerson/Maps/FirstPersonMap.FirstPersonMap:PersistentLevel.StaticMeshActor_UAID_98BB1E1DE4D47B6001_1249627197
 |   |- Actor Package: /Game/__ExternalActors__/FirstPerson/Maps/FirstPersonMap/9/5G/834FHWLGDXJEIFIYIA7HGA
 |   |- Actor Path: /Game/FirstPerson/Maps/FirstPersonMap.FirstPersonMap:PersistentLevel.StaticMeshActor_UAID_98BB1E1DE4D4796001_2080533831
 |   |- Actor Package: /Game/__ExternalActors__/FirstPerson/Maps/FirstPersonMap/9/K9/E5DABDZCCIFKNYWV7GEET7
 |   |- Actor Path: /Game/FirstPerson/Maps/FirstPersonMap.FirstPersonMap:PersistentLevel.StaticMeshActor_UAID_98BB1E1DE4D4946001_1520455589
 |   |- Actor Package: /Game/__ExternalActors__/FirstPerson/Maps/FirstPersonMap/9/CZ/M1VSCP7XHVUS0BXIFLDLA3
 |   |- Actor Path: /Game/FirstPerson/Maps/FirstPersonMap.FirstPersonMap:PersistentLevel.StaticMeshActor_51
 |   |- Actor Package: /Game/__ExternalActors__/FirstPerson/Maps/FirstPersonMap/A/91/64ROQWZ22CQVFJMU4XABML
 |   |- Actor Path: /Game/FirstPerson/Maps/FirstPersonMap.FirstPersonMap:PersistentLevel.StaticMeshActor_10
 |   |- Actor Package: /Game/__ExternalActors__/FirstPerson/Maps/FirstPersonMap/A/XJ/HL558UUAGCS9HVVOI0S7PX
 |   |- Actor Path: /Game/FirstPerson/Maps/FirstPersonMap.FirstPersonMap:PersistentLevel.StaticMeshActor_UAID_98BB1E1DE4D47B6001_1271361199
 |   |- Actor Package: /Game/__ExternalActors__/FirstPerson/Maps/FirstPersonMap/A/UA/BN5ZO3ZJDPCLN5YWJP9686
 |   |- Actor Path: /Game/FirstPerson/Maps/FirstPersonMap.FirstPersonMap:PersistentLevel.PostProcessVolume_0
 |   |- Actor Package: /Game/__ExternalActors__/FirstPerson/Maps/FirstPersonMap/E/MX/R1GV431P5FDO08OFULRA01
 |   |- Actor Path: /Game/FirstPerson/Maps/FirstPersonMap.FirstPersonMap:PersistentLevel.StaticMeshActor_9
 |   |- Actor Package: /Game/__ExternalActors__/FirstPerson/Maps/FirstPersonMap/E/UE/YUZ9741T50O1SYRX90OB0S
 |   |- Actor Path: /Game/FirstPerson/Maps/FirstPersonMap.FirstPersonMap:PersistentLevel.TextRenderActor_UAID_98BB1E1DE4D4966001_1993937940
 |   |- Actor Package: /Game/__ExternalActors__/FirstPerson/Maps/FirstPersonMap/E/DJ/5JGSRHIB99IN3AJYYV6CAZ
 |   |- Actor Path: /Game/FirstPerson/Maps/FirstPersonMap.FirstPersonMap:PersistentLevel.StaticMeshActor_38
 |   |- Actor Package: /Game/__ExternalActors__/FirstPerson/Maps/FirstPersonMap/B/YQ/KT6JL4FVCNJJ9VFOCSF32J
 |   |- Actor Path: /Game/FirstPerson/Maps/FirstPersonMap.FirstPersonMap:PersistentLevel.StaticMeshActor_UAID_98BB1E1DE4D47A6001_1209100014
 |   |- Actor Package: /Game/__ExternalActors__/FirstPerson/Maps/FirstPersonMap/B/3X/1XA7P6MXT9D103K97PVTN4
 |   |- Actor Path: /Game/FirstPerson/Maps/FirstPersonMap.FirstPersonMap:PersistentLevel.StaticMeshActor_UAID_98BB1E1DE4D47A6001_1089651009
 |   |- Actor Package: /Game/__ExternalActors__/FirstPerson/Maps/FirstPersonMap/B/7M/RDDHEV4ZZ1SMGJ54DOMMVF
 |   |- Actor Path: /Game/FirstPerson/Maps/FirstPersonMap.FirstPersonMap:PersistentLevel.StaticMeshActor_UAID_98BB1E1DE4D4946001_1090108587
 |   |- Actor Package: /Game/__ExternalActors__/FirstPerson/Maps/FirstPersonMap/B/6S/B3QM0X6GAJX938M1QQ202J
 |   |- Actor Path: /Game/FirstPerson/Maps/FirstPersonMap.FirstPersonMap:PersistentLevel.SkyLight_0
 |   |- Actor Package: /Game/__ExternalActors__/FirstPerson/Maps/FirstPersonMap/6/0Z/5RQIHCZ9W3UXRGL4LTLQAK
 |   |- Actor Path: /Game/FirstPerson/Maps/FirstPersonMap.FirstPersonMap:PersistentLevel.StaticMeshActor_4
 |   |- Actor Package: /Game/__ExternalActors__/FirstPerson/Maps/FirstPersonMap/6/AJ/2XZ3RUK0LFB63FVNQE7P5R
 |   |- Actor Path: /Game/FirstPerson/Maps/FirstPersonMap.FirstPersonMap:PersistentLevel.StaticMeshActor_UAID_98BB1E1DE4D47A6001_1149174011
 |   |- Actor Package: /Game/__ExternalActors__/FirstPerson/Maps/FirstPersonMap/6/0M/GNH80LCKO1QU8ID0U6ZS1X
 |   |- Actor Path: /Game/FirstPerson/Maps/FirstPersonMap.FirstPersonMap:PersistentLevel.StaticMeshActor_UAID_98BB1E1DE4D4996001_1535012464
 |   |- Actor Package: /Game/__ExternalActors__/FirstPerson/Maps/FirstPersonMap/6/U8/W6SGH36XTNV8H06OLNUZT3
 |   |- Actor Path: /Game/FirstPerson/Maps/FirstPersonMap.FirstPersonMap:PersistentLevel.WorldDataLayers
 |   |- Actor Package: /Game/__ExternalActors__/FirstPerson/Maps/FirstPersonMap/D/0W/E1FKEGVKGOLM7HGLQPCIPO
 |   |- Actor Path: /Game/FirstPerson/Maps/FirstPersonMap.FirstPersonMap:PersistentLevel.StaticMeshActor_UAID_98BB1E1DE4D47A6001_1220466015
 |   |- Actor Package: /Game/__ExternalActors__/FirstPerson/Maps/FirstPersonMap/D/9D/JTGAUM45SRD2G1PUO66XZD
 |   |- Actor Path: /Game/FirstPerson/Maps/FirstPersonMap.FirstPersonMap:PersistentLevel.StaticMeshActor_UAID_98BB1E1DE4D4946001_1502247588
 |   |- Actor Package: /Game/__ExternalActors__/FirstPerson/Maps/FirstPersonMap/D/1E/J7NGJCQ2WOZTW8N7JZWB1S
 |   |- Actor Path: /Game/FirstPerson/Maps/FirstPersonMap.FirstPersonMap:PersistentLevel.StaticMeshActor_UAID_98BB1E1DE4D47A6001_1184728013
 |   |- Actor Package: /Game/__ExternalActors__/FirstPerson/Maps/FirstPersonMap/2/UU/YLWDHLZI0WNZREMVQQ1HNH
 |   |- Actor Path: /Game/FirstPerson/Maps/FirstPersonMap.FirstPersonMap:PersistentLevel.StaticMeshActor_UAID_98BB1E1DE4D4956001_1507601759
 |   |- Actor Package: /Game/__ExternalActors__/FirstPerson/Maps/FirstPersonMap/2/LN/YZECAB11924RWJ6LRRXBTK

